<?xml version="1.0" encoding="UTF-8"?>
<robot generator="Robot 4.0.3 (Python 3.9.5 on win32)" generated="20210613 00:48:52.474" rpa="false" schemaversion="2">
<suite id="s1" name="OrangeHRM" source="C:\Autom-Robot\OrangeHRM.Robot">
<test id="s1-t1" name="realizar login com sucesso">
<kw name="digitar usuario{Admin} e senha{admin123}" sourcename="digitar usuario{${usuario}} e senha{${senha}}">
<kw name="Open Browser" library="SeleniumLibrary">
<arg>${url}</arg>
<arg>chrome</arg>
<doc>Opens a new browser instance to the optional ``url``.</doc>
<msg timestamp="20210613 00:48:56.504" level="INFO">Opening browser 'chrome' to base url 'https://opensource-demo.orangehrmlive.com/'.</msg>
<status status="PASS" starttime="20210613 00:48:56.503" endtime="20210613 00:49:05.553"/>
</kw>
<kw name="Maximize Browser Window" library="SeleniumLibrary">
<doc>Maximizes current browser window.</doc>
<kw name="Capture Page Screenshot" library="SeleniumLibrary">
<doc>Takes a screenshot of the current page and embeds it into a log file.</doc>
<msg timestamp="20210613 00:49:21.904" level="FAIL">WebDriverException: Message: chrome not reachable
  (Session info: chrome=91.0.4472.101)
</msg>
<status status="FAIL" starttime="20210613 00:49:09.781" endtime="20210613 00:49:21.904"/>
</kw>
<msg timestamp="20210613 00:49:21.905" level="WARN">Keyword 'Capture Page Screenshot' could not be run on failure: WebDriverException: Message: chrome not reachable
  (Session info: chrome=91.0.4472.101)
</msg>
<msg timestamp="20210613 00:49:21.931" level="FAIL">WebDriverException: Message: chrome not reachable
  (Session info: chrome=91.0.4472.101)
</msg>
<status status="FAIL" starttime="20210613 00:49:05.554" endtime="20210613 00:49:21.931"/>
</kw>
<kw name="Input Text" library="SeleniumLibrary">
<arg>id=txtUsername</arg>
<arg>${usuario}</arg>
<doc>Types the given ``text`` into the text field identified by ``locator``.</doc>
<status status="NOT RUN" starttime="20210613 00:49:21.932" endtime="20210613 00:49:21.932"/>
</kw>
<kw name="Input Text" library="SeleniumLibrary">
<arg>id=txtPassword</arg>
<arg>${senha}</arg>
<doc>Types the given ``text`` into the text field identified by ``locator``.</doc>
<status status="NOT RUN" starttime="20210613 00:49:21.932" endtime="20210613 00:49:21.932"/>
</kw>
<kw name="Click Button" library="SeleniumLibrary">
<arg>id=btnLogin</arg>
<doc>Clicks the button identified by ``locator``.</doc>
<status status="NOT RUN" starttime="20210613 00:49:21.933" endtime="20210613 00:49:21.933"/>
</kw>
<status status="FAIL" starttime="20210613 00:48:56.501" endtime="20210613 00:49:21.933"/>
</kw>
<kw name="acesso ao sistema">
<status status="NOT RUN" starttime="20210613 00:49:21.933" endtime="20210613 00:49:21.933"/>
</kw>
<status status="FAIL" starttime="20210613 00:48:56.496" endtime="20210613 00:49:21.934">WebDriverException: Message: chrome not reachable
  (Session info: chrome=91.0.4472.101)
</status>
</test>
<status status="FAIL" starttime="20210613 00:48:52.478" endtime="20210613 00:49:21.971"/>
</suite>
<statistics>
<total>
<stat pass="0" fail="1" skip="0">All Tests</stat>
</total>
<tag>
</tag>
<suite>
<stat pass="0" fail="1" skip="0" id="s1" name="OrangeHRM">OrangeHRM</stat>
</suite>
</statistics>
<errors>
<msg timestamp="20210613 00:49:21.905" level="WARN">Keyword 'Capture Page Screenshot' could not be run on failure: WebDriverException: Message: chrome not reachable
  (Session info: chrome=91.0.4472.101)
</msg>
</errors>
</robot>
